2023-04-03 03:15:20.511599 - Initialized conversion of CBT859
2023-04-03 03:15:22.038832 - Received CBT.V504.FILE859.PDS from FILE859.XMI 
2023-04-03 03:15:22.041669 - Found $$$#DATE.txt (text/plain) in CBT.V504.FILE859.PDS, moved to PDS/$$$#DATE
2023-04-03 03:15:22.042885 - Found $ASMONE.jcl (text/plain) in CBT.V504.FILE859.PDS, moved to PDS/$ASMONE
2023-04-03 03:15:22.044115 - Found $BOILER.txt (text/plain) in CBT.V504.FILE859.PDS, moved to PDS/$BOILER
2023-04-03 03:15:22.045196 - Found $LICENSE.txt (text/plain) in CBT.V504.FILE859.PDS, moved to PDS/$LICENSE
2023-04-03 03:15:22.046389 - Found $MEMBERS.txt (text/plain) in CBT.V504.FILE859.PDS, moved to PDS/$MEMBERS
2023-04-03 03:15:22.170815 - Found $OBJECT.xmi (application/xmit) in CBT.V504.FILE859.PDS
2023-04-03 03:15:22.187058   - Received to CBT859/FILE859.OBJ
2023-04-03 03:15:22.188556 - Found $SRVDOC1.txt (text/plain) in CBT.V504.FILE859.PDS, moved to PDS/$SRVDOC1
2023-04-03 03:15:22.189508 - Found @FILE859.txt (text/plain) in CBT.V504.FILE859.PDS, moved to PDS/@FILE859
2023-04-03 03:15:22.190403 - Found LNKCMMVS.jcl (text/plain) in CBT.V504.FILE859.PDS, moved to PDS/LNKCMMVS
2023-04-03 03:15:22.191353 - Found SRV##ID.txt (text/plain) in CBT.V504.FILE859.PDS, moved to PDS/SRV##ID
2023-04-03 03:15:22.192328 - Found SRV##LI.txt (text/plain) in CBT.V504.FILE859.PDS, moved to PDS/SRV##LI
2023-04-03 03:15:22.193284 - Found SRV##RC.txt (text/plain) in CBT.V504.FILE859.PDS, moved to PDS/SRV##RC
2023-04-03 03:15:22.194538 - Found SRVCC.txt (text/plain) in CBT.V504.FILE859.PDS, moved to PDS/SRVCC
2023-04-03 03:15:22.195645 - Found SRVCCMAC.txt (text/plain) in CBT.V504.FILE859.PDS, moved to PDS/SRVCCMAC
2023-04-03 03:15:22.196858 - Found SRVCLRDB.txt (text/plain) in CBT.V504.FILE859.PDS, moved to PDS/SRVCLRDB
2023-04-03 03:15:22.197948 - Found SRVDOC$$.txt (text/plain) in CBT.V504.FILE859.PDS, moved to PDS/SRVDOC$$
2023-04-03 03:15:22.199256 - Found SRVDOC$R.txt (text/plain) in CBT.V504.FILE859.PDS, moved to PDS/SRVDOC$R
2023-04-03 03:15:22.200456 - Found SRVDOC$1.txt (text/plain) in CBT.V504.FILE859.PDS, moved to PDS/SRVDOC$1
2023-04-03 03:15:22.201622 - Found SRVDOC$2.txt (text/plain) in CBT.V504.FILE859.PDS, moved to PDS/SRVDOC$2
2023-04-03 03:15:22.202908 - Found SRVDOC$3.txt (text/plain) in CBT.V504.FILE859.PDS, moved to PDS/SRVDOC$3
2023-04-03 03:15:22.204141 - Found SRVDOC$4.txt (text/plain) in CBT.V504.FILE859.PDS, moved to PDS/SRVDOC$4
2023-04-03 03:15:22.205293 - Found SRVDOC$5.txt (text/plain) in CBT.V504.FILE859.PDS, moved to PDS/SRVDOC$5
2023-04-03 03:15:22.206288 - Found SRVDOC$6.txt (text/plain) in CBT.V504.FILE859.PDS, moved to PDS/SRVDOC$6
2023-04-03 03:15:22.207563 - Found SRVDOCDT.txt (text/plain) in CBT.V504.FILE859.PDS, moved to PDS/SRVDOCDT
2023-04-03 03:15:22.208727 - Found SRVDOCES.txt (text/plain) in CBT.V504.FILE859.PDS, moved to PDS/SRVDOCES
2023-04-03 03:15:22.209739 - Found SRVDOCFI.txt (text/plain) in CBT.V504.FILE859.PDS, moved to PDS/SRVDOCFI
2023-04-03 03:15:22.210812 - Found SRVDOCIM.txt (text/plain) in CBT.V504.FILE859.PDS, moved to PDS/SRVDOCIM
2023-04-03 03:15:22.211902 - Found SRVDOCMM.txt (text/plain) in CBT.V504.FILE859.PDS, moved to PDS/SRVDOCMM
2023-04-03 03:15:22.212994 - Found SRVDOCMS.txt (text/plain) in CBT.V504.FILE859.PDS, moved to PDS/SRVDOCMS
2023-04-03 03:15:22.214069 - Found SRVDOCPL.txt (text/plain) in CBT.V504.FILE859.PDS, moved to PDS/SRVDOCPL
2023-04-03 03:15:22.215020 - Found SRVDOCST.txt (text/plain) in CBT.V504.FILE859.PDS, moved to PDS/SRVDOCST
2023-04-03 03:15:22.216153 - Found SRVDOCSY.txt (text/plain) in CBT.V504.FILE859.PDS, moved to PDS/SRVDOCSY
2023-04-03 03:15:22.217710 - Found SRVDT.txt (text/plain) in CBT.V504.FILE859.PDS, moved to PDS/SRVDT
2023-04-03 03:15:22.218767 - Found SRVDTMAC.txt (text/plain) in CBT.V504.FILE859.PDS, moved to PDS/SRVDTMAC
2023-04-03 03:15:22.219916 - Found SRVDTREX.txt (text/plain) in CBT.V504.FILE859.PDS, moved to PDS/SRVDTREX
2023-04-03 03:15:22.220895 - Found SRVDTXMM.txt (text/plain) in CBT.V504.FILE859.PDS, moved to PDS/SRVDTXMM
2023-04-03 03:15:22.221876 - Found SRVDTXRZ.txt (text/plain) in CBT.V504.FILE859.PDS, moved to PDS/SRVDTXRZ
2023-04-03 03:15:22.222836 - Found SRVDTXR2.txt (text/plain) in CBT.V504.FILE859.PDS, moved to PDS/SRVDTXR2
2023-04-03 03:15:22.223866 - Found SRVDTXR3.txt (text/plain) in CBT.V504.FILE859.PDS, moved to PDS/SRVDTXR3
2023-04-03 03:15:22.224806 - Found SRVDVMAC.txt (text/plain) in CBT.V504.FILE859.PDS, moved to PDS/SRVDVMAC
2023-04-03 03:15:22.225903 - Found SRVDVMVS.txt (text/plain) in CBT.V504.FILE859.PDS, moved to PDS/SRVDVMVS
2023-04-03 03:15:22.226944 - Found SRVDVXRZ.txt (text/plain) in CBT.V504.FILE859.PDS, moved to PDS/SRVDVXRZ
2023-04-03 03:15:22.228159 - Found SRVESMAC.txt (text/plain) in CBT.V504.FILE859.PDS, moved to PDS/SRVESMAC
2023-04-03 03:15:22.229590 - Found SRVESMVS.txt (text/plain) in CBT.V504.FILE859.PDS, moved to PDS/SRVESMVS
2023-04-03 03:15:22.230598 - Found SRVESX01.txt (text/plain) in CBT.V504.FILE859.PDS, moved to PDS/SRVESX01
2023-04-03 03:15:22.232327 - Found SRVFIA24.txt (text/plain) in CBT.V504.FILE859.PDS, moved to PDS/SRVFIA24
2023-04-03 03:15:22.233392 - Found SRVFIMAC.txt (text/plain) in CBT.V504.FILE859.PDS, moved to PDS/SRVFIMAC
2023-04-03 03:15:22.234490 - Found SRVFIOS.txt (text/plain) in CBT.V504.FILE859.PDS, moved to PDS/SRVFIOS
2023-04-03 03:15:22.235480 - Found SRVFIPDF.txt (text/plain) in CBT.V504.FILE859.PDS, moved to PDS/SRVFIPDF
2023-04-03 03:15:22.236471 - Found SRVFISUB.txt (text/plain) in CBT.V504.FILE859.PDS, moved to PDS/SRVFISUB
2023-04-03 03:15:22.237363 - Found SRVFIXRZ.txt (text/plain) in CBT.V504.FILE859.PDS, moved to PDS/SRVFIXRZ
2023-04-03 03:15:22.238508 - Found SRVIM.txt (text/plain) in CBT.V504.FILE859.PDS, moved to PDS/SRVIM
2023-04-03 03:15:22.239401 - Found SRVIMCB.txt (text/plain) in CBT.V504.FILE859.PDS, moved to PDS/SRVIMCB
2023-04-03 03:15:22.240697 - Found SRVIMIMC.txt (text/plain) in CBT.V504.FILE859.PDS, moved to PDS/SRVIMIMC
2023-04-03 03:15:22.241826 - Found SRVIMMAC.txt (text/plain) in CBT.V504.FILE859.PDS, moved to PDS/SRVIMMAC
2023-04-03 03:15:22.242845 - Found SRVIMXRZ.txt (text/plain) in CBT.V504.FILE859.PDS, moved to PDS/SRVIMXRZ
2023-04-03 03:15:22.243918 - Found SRVJSMAC.txt (text/plain) in CBT.V504.FILE859.PDS, moved to PDS/SRVJSMAC
2023-04-03 03:15:22.244963 - Found SRVJSMVS.txt (text/plain) in CBT.V504.FILE859.PDS, moved to PDS/SRVJSMVS
2023-04-03 03:15:22.245864 - Found SRVJS001.txt (text/plain) in CBT.V504.FILE859.PDS, moved to PDS/SRVJS001
2023-04-03 03:15:22.246890 - Found SRVJS002.txt (text/plain) in CBT.V504.FILE859.PDS, moved to PDS/SRVJS002
2023-04-03 03:15:22.248052 - Found SRVLEVEL.txt (text/plain) in CBT.V504.FILE859.PDS, moved to PDS/SRVLEVEL
2023-04-03 03:15:22.248987 - Found SRVMM.txt (text/plain) in CBT.V504.FILE859.PDS, moved to PDS/SRVMM
2023-04-03 03:15:22.249876 - Found SRVMMMAC.txt (text/plain) in CBT.V504.FILE859.PDS, moved to PDS/SRVMMMAC
2023-04-03 03:15:22.250761 - Found SRVMNMVS.txt (text/plain) in CBT.V504.FILE859.PDS, moved to PDS/SRVMNMVS
2023-04-03 03:15:22.251676 - Found SRVMOD.txt (text/plain) in CBT.V504.FILE859.PDS, moved to PDS/SRVMOD
2023-04-03 03:15:22.252608 - Found SRVMS.txt (text/plain) in CBT.V504.FILE859.PDS, moved to PDS/SRVMS
2023-04-03 03:15:22.253504 - Found SRVMSMAC.txt (text/plain) in CBT.V504.FILE859.PDS, moved to PDS/SRVMSMAC
2023-04-03 03:15:22.254426 - Found SRVMSXRB.txt (text/plain) in CBT.V504.FILE859.PDS, moved to PDS/SRVMSXRB
2023-04-03 03:15:22.255378 - Found SRVMSXRZ.txt (text/plain) in CBT.V504.FILE859.PDS, moved to PDS/SRVMSXRZ
2023-04-03 03:15:22.256735 - Found SRVMSXR2.txt (text/plain) in CBT.V504.FILE859.PDS, moved to PDS/SRVMSXR2
2023-04-03 03:15:22.257767 - Found SRVPLMAC.txt (text/plain) in CBT.V504.FILE859.PDS, moved to PDS/SRVPLMAC
2023-04-03 03:15:22.258803 - Found SRVPLMVS.txt (text/plain) in CBT.V504.FILE859.PDS, moved to PDS/SRVPLMVS
2023-04-03 03:15:22.259869 - Found SRVPLXRZ.txt (text/plain) in CBT.V504.FILE859.PDS, moved to PDS/SRVPLXRZ
2023-04-03 03:15:22.260921 - Found SRVST.txt (text/plain) in CBT.V504.FILE859.PDS, moved to PDS/SRVST
2023-04-03 03:15:22.262056 - Found SRVSTBAK.txt (text/plain) in CBT.V504.FILE859.PDS, moved to PDS/SRVSTBAK
2023-04-03 03:15:22.263070 - Found SRVSTMAC.txt (text/plain) in CBT.V504.FILE859.PDS, moved to PDS/SRVSTMAC
2023-04-03 03:15:22.264431 - Found SRVSTXRZ.txt (text/plain) in CBT.V504.FILE859.PDS, moved to PDS/SRVSTXRZ
2023-04-03 03:15:22.265428 - Found SRVSY.txt (text/plain) in CBT.V504.FILE859.PDS, moved to PDS/SRVSY
2023-04-03 03:15:22.266384 - Found SRVSYMAC.txt (text/plain) in CBT.V504.FILE859.PDS, moved to PDS/SRVSYMAC
2023-04-03 03:15:22.267307 - Found SRVSYXRZ.txt (text/plain) in CBT.V504.FILE859.PDS, moved to PDS/SRVSYXRZ
